<?xml version="1.0" encoding="UTF-8"?>
<!-- Generated by org.testng.reporters.JUnitReportReporter -->
<testsuite hostname="NANDAKUMARSIR-D" name="keyword.RunScripts" tests="1" failures="0" timestamp="13 Aug 2017 18:13:36 GMT" time="198.086" errors="0">
  <testcase name="runScripts" time="198.086" classname="keyword.RunScripts"/>
</testsuite> <!-- keyword.RunScripts -->
