<?xml version="1.0" encoding="UTF-8"?>
<!-- Generated by org.testng.reporters.JUnitReportReporter -->
<testsuite hostname="NANDAKUMARSIR-D" name="testcases.TC001_TwitterLogin" tests="1" failures="0" timestamp="8 Sep 2017 07:39:12 GMT" time="195.605" errors="0">
  <testcase name="twitterLogin" time="195.605" classname="testcases.TC001_TwitterLogin"/>
</testsuite> <!-- testcases.TC001_TwitterLogin -->
