<?xml version="1.0" encoding="UTF-8"?>
<!-- Generated by org.testng.reporters.JUnitReportReporter -->
<testsuite hostname="AARTIPC" name="testcases.TC03_CreateLead" tests="1" failures="0" timestamp="24 May 2016 18:33:36 GMT" time="55.972" errors="0">
  <testcase name="login" time="55.972" classname="testcases.TC03_CreateLead"/>
</testsuite> <!-- testcases.TC03_CreateLead -->
