<?xml version="1.0" encoding="UTF-8"?>
<!-- Generated by org.testng.reporters.JUnitReportReporter -->
<testsuite hostname="admin-PC" name="testcases.TC02_LinkedinEditProfile" tests="1" failures="0" timestamp="22 May 2016 12:27:13 GMT" time="22.645" errors="0">
  <testcase name="login" time="22.645" classname="testcases.TC02_LinkedinEditProfile"/>
</testsuite> <!-- testcases.TC02_LinkedinEditProfile -->
