<?xml version="1.0" encoding="UTF-8"?>
<!-- Generated by org.testng.reporters.JUnitReportReporter -->
<testsuite hostname="admin-PC" name="testcases.TC01_LinkedinSearch" tests="1" failures="0" timestamp="22 May 2016 12:00:52 GMT" time="29.861" errors="0">
  <testcase name="login" time="29.861" classname="testcases.TC01_LinkedinSearch"/>
</testsuite> <!-- testcases.TC01_LinkedinSearch -->
