<?xml version="1.0" encoding="UTF-8"?>
<!-- Generated by org.testng.reporters.JUnitReportReporter -->
<testsuite hostname="NANDAKUMARSIR-D" name="practiceselenium.SampleScriptTwo" tests="1" failures="0" timestamp="13 Nov 2016 16:02:19 GMT" time="4.212" errors="0">
  <testcase name="usingExcel" time="4.212" classname="practiceselenium.SampleScriptTwo"/>
</testsuite> <!-- practiceselenium.SampleScriptTwo -->
