<?xml version="1.0" encoding="UTF-8"?>
<!-- Generated by org.testng.reporters.JUnitReportReporter -->
<testsuite hostname="NANDAKUMARSIR-D" name="testcases.TC01_Linkedin" tests="1" failures="0" timestamp="26 Nov 2016 18:18:29 GMT" time="901.061" errors="0">
  <testcase name="login" time="901.061" classname="testcases.TC01_Linkedin"/>
</testsuite> <!-- testcases.TC01_Linkedin -->
