<?xml version="1.0" encoding="UTF-8"?>
<!-- Generated by org.testng.reporters.JUnitReportReporter -->
<testsuite hostname="AARTIPC" name="week5.UseDataProvider" tests="1" failures="0" timestamp="19 May 2016 18:59:17 GMT" time="13.627" errors="0">
  <testcase name="usingDataProvider" time="13.627" classname="week5.UseDataProvider"/>
</testsuite> <!-- week5.UseDataProvider -->
