<?xml version="1.0" encoding="UTF-8"?>
<!-- Generated by org.testng.reporters.JUnitReportReporter -->
<testsuite hostname="NANDAKUMARSIR-D" name="practiceselenium.SampleScriptOne" tests="1" failures="0" timestamp="13 Nov 2016 16:25:03 GMT" time="55.688" errors="0">
  <testcase name="gmailLogin" time="55.688" classname="practiceselenium.SampleScriptOne"/>
</testsuite> <!-- practiceselenium.SampleScriptOne -->
