<?xml version="1.0" encoding="UTF-8"?>
<!-- Generated by org.testng.reporters.JUnitReportReporter -->
<testsuite hostname="NANDAKUMARSIR-D" name="threeweekplanselenium.SeleniumTestNGOne" tests="6" failures="0" timestamp="17 Oct 2016 19:00:02 GMT" time="10.028" errors="0">
  <testcase name="salary" time="0.001" classname="threeweekplanselenium.SeleniumTestNGOne"/>
  <testcase name="profession" time="5.005" classname="threeweekplanselenium.SeleniumTestNGOne"/>
  <testcase name="role" time="0.007" classname="threeweekplanselenium.SeleniumTestNGOne"/>
  <testcase name="profession" time="5.009" classname="threeweekplanselenium.SeleniumTestNGOne"/>
  <testcase name="company" time="0.004" classname="threeweekplanselenium.SeleniumTestNGOne"/>
  <testcase name="company" time="0.002" classname="threeweekplanselenium.SeleniumTestNGOne"/>
</testsuite> <!-- threeweekplanselenium.SeleniumTestNGOne -->
