<?xml version="1.0" encoding="UTF-8"?>
<!-- Generated by org.testng.reporters.JUnitReportReporter -->
<testsuite hostname="AARTIPC" name="week5.CreateWorkBookTest" tests="1" failures="0" timestamp="14 May 2016 17:50:29 GMT" time="2.649" errors="0">
  <testcase name="createWorkSheet" time="2.649" classname="week5.CreateWorkBookTest"/>
</testsuite> <!-- week5.CreateWorkBookTest -->
