<?xml version="1.0" encoding="UTF-8"?>
<!-- Generated by org.testng.reporters.JUnitReportReporter -->
<testsuite hostname="NANDAKUMARSIR-D" name="threeweekplanselenium.UsingExcelScriptOne" tests="1" failures="0" timestamp="5 Nov 2016 17:48:50 GMT" time="1.062" errors="0">
  <testcase name="usingExcel" time="1.062" classname="threeweekplanselenium.UsingExcelScriptOne"/>
</testsuite> <!-- threeweekplanselenium.UsingExcelScriptOne -->
