<?xml version="1.0" encoding="UTF-8"?>
<!-- Generated by org.testng.reporters.JUnitReportReporter -->
<testsuite hostname="NANDAKUMARSIR-D" name="testngpractice.TestNGChapterTwo" tests="2" failures="0" timestamp="29 Oct 2016 16:06:40 GMT" time="0.008" errors="0">
  <testcase name="testExecution" time="0.006" classname="testngpractice.TestNGChapterTwo"/>
  <testcase name="blockerCall" time="0.002" classname="testngpractice.TestNGChapterTwo"/>
</testsuite> <!-- testngpractice.TestNGChapterTwo -->
