<?xml version="1.0" encoding="UTF-8"?>
<!-- Generated by org.testng.reporters.JUnitReportReporter -->
<testsuite hostname="NANDAKUMARSIR-D" name="testngpractice.TestNGChapterFive" tests="1" failures="0" timestamp="31 Oct 2016 10:40:19 GMT" time="64.179" errors="0">
  <testcase name="createLead" time="64.179" classname="testngpractice.TestNGChapterFive"/>
</testsuite> <!-- testngpractice.TestNGChapterFive -->
