<?xml version="1.0" encoding="UTF-8"?>
<!-- Generated by org.testng.reporters.JUnitReportReporter -->
<testsuite hostname="NANDAKUMARSIR-D" name="testcases.TC001_Youtube" tests="1" failures="0" timestamp="6 Dec 2016 17:59:42 GMT" time="92.039" errors="0">
  <testcase name="login" time="92.039" classname="testcases.TC001_Youtube"/>
</testsuite> <!-- testcases.TC001_Youtube -->
