<?xml version="1.0" encoding="UTF-8"?>
<!-- Generated by org.testng.reporters.JUnitReportReporter -->
<testsuite hostname="NANDAKUMARSIR-D" name="practiceone.LearnJavaOne" tests="1" failures="0" timestamp="9 Apr 2017 17:39:17 GMT" time="42.020" errors="0">
  <testcase name="controlStatements" time="42.020" classname="practiceone.LearnJavaOne"/>
</testsuite> <!-- practiceone.LearnJavaOne -->
