<?xml version="1.0" encoding="UTF-8"?>
<!-- Generated by org.testng.reporters.JUnitReportReporter -->
<testsuite hostname="NANDAKUMARSIR-D" name="testngpractice.SeleniumTestNGChapterTwo" tests="3" failures="0" timestamp="21 Oct 2016 16:58:11 GMT" time="0.009" errors="0">
  <testcase name="primaryTask" time="0.006" classname="testngpractice.SeleniumTestNGChapterTwo"/>
  <testcase name="secondaryTask" time="0.001" classname="testngpractice.SeleniumTestNGChapterTwo"/>
  <testcase name="statusMail" time="0.002" classname="testngpractice.SeleniumTestNGChapterTwo"/>
</testsuite> <!-- testngpractice.SeleniumTestNGChapterTwo -->
