<?xml version="1.0" encoding="UTF-8"?>
<!-- Generated by org.testng.reporters.JUnitReportReporter -->
<testsuite hostname="AARTIPC" name="week5.AppendWorkSheet" tests="1" failures="0" timestamp="14 May 2016 18:38:40 GMT" time="1.368" errors="0">
  <testcase name="appendExistingSheet" time="1.368" classname="week5.AppendWorkSheet"/>
</testsuite> <!-- week5.AppendWorkSheet -->
