<?xml version="1.0" encoding="UTF-8"?>
<!-- Generated by org.testng.reporters.JUnitReportReporter -->
<testsuite hostname="NANDAKUMARSIR-D" name="practiceone.CommonVariables" tests="9" failures="0" timestamp="30 Jan 2017 19:16:39 GMT" time="0.040" errors="0">
  <testcase name="hlng_Alerts_W3s" time="0.002" classname="practiceone.CommonVariables"/>
  <testcase name="count_Frames" time="0.001" classname="practiceone.CommonVariables"/>
  <testcase name="hndl_popup" time="0.001" classname="practiceone.CommonVariables"/>
  <testcase name="hndl_Droppable" time="0.000" classname="practiceone.CommonVariables"/>
  <testcase name="acpt_alerts" time="0.029" classname="practiceone.CommonVariables"/>
  <testcase name="hndl_Draggable" time="0.002" classname="practiceone.CommonVariables"/>
  <testcase name="int_with_dropdown" time="0.002" classname="practiceone.CommonVariables"/>
  <testcase name="close_Frames" time="0.001" classname="practiceone.CommonVariables"/>
  <testcase name="hndl_run_time_exception" time="0.002" classname="practiceone.CommonVariables"/>
</testsuite> <!-- practiceone.CommonVariables -->
