<?xml version="1.0" encoding="UTF-8"?>
<!-- Generated by org.testng.reporters.JUnitReportReporter -->
<testsuite hostname="NANDAKUMARSIR-D" name="practiceselenium.SampleScriptThree" tests="1" failures="0" timestamp="14 Nov 2016 18:49:32 GMT" time="39.349" errors="0">
  <testcase name="accessYoutube" time="39.349" classname="practiceselenium.SampleScriptThree"/>
</testsuite> <!-- practiceselenium.SampleScriptThree -->
