<?xml version="1.0" encoding="UTF-8"?>
<!-- Generated by org.testng.reporters.JUnitReportReporter -->
<testsuite hostname="NANDAKUMARSIR-D" name="testngpractice.SeleniumTestNGChapterFour" tests="3" failures="0" timestamp="21 Oct 2016 18:12:53 GMT" time="0.012" errors="0">
  <testcase name="cleanHome" time="0.008" classname="testngpractice.SeleniumTestNGChapterFour"/>
  <testcase name="readNovel" time="0.002" classname="testngpractice.SeleniumTestNGChapterFour"/>
  <testcase name="listenMusic" time="0.002" classname="testngpractice.SeleniumTestNGChapterFour"/>
</testsuite> <!-- testngpractice.SeleniumTestNGChapterFour -->
