<?xml version="1.0" encoding="UTF-8"?>
<!-- Generated by org.testng.reporters.JUnitReportReporter -->
<testsuite hostname="NANDAKUMARSIR-D" name="trainingSelenium.UsingTestNGChapterTwo" tests="1" failures="0" timestamp="23 Jul 2016 18:20:16 GMT" time="0.039" errors="0">
  <testcase name="goToOffice" time="0.039" classname="trainingSelenium.UsingTestNGChapterTwo"/>
</testsuite> <!-- trainingSelenium.UsingTestNGChapterTwo -->
