<?xml version="1.0" encoding="UTF-8"?>
<!-- Generated by org.testng.reporters.JUnitReportReporter -->
<testsuite hostname="AARTIPC" name="testngExamples.OpenTapsTest" tests="4" failures="0" timestamp="9 May 2016 17:49:42 GMT" time="359.384" errors="2">
  <testcase name="createLead" time="83.597" classname="testngExamples.OpenTapsTest"/>
  <testcase name="createContact" time="81.130" classname="testngExamples.OpenTapsTest">
    <error type="org.openqa.selenium.WebDriverException" message="Unable to bind to locking port 7054 within 45000 ms
Build info: version: &#039;2.52.0&#039;, revision: &#039;4c2593cfc3689a7fcd7be52549167e5ccc93ad28&#039;, time: &#039;2016-02-11 11:22:43&#039;
System info: host: &#039;AARTIPC&#039;, ip: &#039;10.228.21.224&#039;, os.name: &#039;Windows 7&#039;, os.arch: &#039;x86&#039;, os.version: &#039;6.1&#039;, java.version: &#039;1.8.0&#039;
Driver info: driver.version: FirefoxDriver">
      <![CDATA[org.openqa.selenium.WebDriverException: Unable to bind to locking port 7054 within 45000 ms
Build info: version: '2.52.0', revision: '4c2593cfc3689a7fcd7be52549167e5ccc93ad28', time: '2016-02-11 11:22:43'
System info: host: 'AARTIPC', ip: '10.228.21.224', os.name: 'Windows 7', os.arch: 'x86', os.version: '6.1', java.version: '1.8.0'
Driver info: driver.version: FirefoxDriver
	at org.openqa.selenium.internal.SocketLock.lock(SocketLock.java:100)
	at org.openqa.selenium.firefox.internal.NewProfileExtensionConnection.start(NewProfileExtensionConnection.java:80)
	at org.openqa.selenium.firefox.FirefoxDriver.startClient(FirefoxDriver.java:271)
	at org.openqa.selenium.remote.RemoteWebDriver.<init>(RemoteWebDriver.java:119)
	at org.openqa.selenium.firefox.FirefoxDriver.<init>(FirefoxDriver.java:216)
	at org.openqa.selenium.firefox.FirefoxDriver.<init>(FirefoxDriver.java:211)
	at org.openqa.selenium.firefox.FirefoxDriver.<init>(FirefoxDriver.java:207)
	at org.openqa.selenium.firefox.FirefoxDriver.<init>(FirefoxDriver.java:120)
	at testngExamples.OpenTapsTest.navigateWebPage(OpenTapsTest.java:41)
	at testngExamples.OpenTapsTest.createContact(OpenTapsTest.java:111)
	at sun.reflect.NativeMethodAccessorImpl.invoke0(Native Method)
	at sun.reflect.NativeMethodAccessorImpl.invoke(Unknown Source)
	at sun.reflect.DelegatingMethodAccessorImpl.invoke(Unknown Source)
	at java.lang.reflect.Method.invoke(Unknown Source)
	at org.testng.internal.MethodInvocationHelper.invokeMethod(MethodInvocationHelper.java:85)
	at org.testng.internal.InvokeMethodRunnable.runOne(InvokeMethodRunnable.java:54)
	at org.testng.internal.InvokeMethodRunnable.run(InvokeMethodRunnable.java:44)
	at org.testng.internal.MethodInvocationHelper.invokeWithTimeoutWithNoExecutor(MethodInvocationHelper.java:242)
	at org.testng.internal.MethodInvocationHelper.invokeWithTimeout(MethodInvocationHelper.java:231)
	at org.testng.internal.Invoker.invokeMethod(Invoker.java:645)
	at org.testng.internal.Invoker.invokeTestMethod(Invoker.java:816)
	at org.testng.internal.Invoker.invokeTestMethods(Invoker.java:1124)
	at org.testng.internal.TestMethodWorker.invokeTestMethods(TestMethodWorker.java:124)
	at org.testng.internal.TestMethodWorker.run(TestMethodWorker.java:108)
	at org.testng.TestRunner.privateRun(TestRunner.java:773)
	at org.testng.TestRunner.run(TestRunner.java:623)
	at org.testng.SuiteRunner.runTest(SuiteRunner.java:359)
	at org.testng.SuiteRunner.access$000(SuiteRunner.java:39)
	at org.testng.SuiteRunner$SuiteWorker.run(SuiteRunner.java:393)
	at org.testng.internal.thread.ThreadUtil$2.call(ThreadUtil.java:64)
	at java.util.concurrent.FutureTask.run(Unknown Source)
	at java.util.concurrent.ThreadPoolExecutor.runWorker(Unknown Source)
	at java.util.concurrent.ThreadPoolExecutor$Worker.run(Unknown Source)
	at java.lang.Thread.run(Unknown Source)
]]>
    </error>
  </testcase> <!-- createContact -->
  <testcase name="createLead" time="76.466" classname="testngExamples.OpenTapsTest"/>
  <testcase name="createContact" time="118.191" classname="testngExamples.OpenTapsTest">
    <error type="org.openqa.selenium.WebDriverException" message="Failed to connect to binary FirefoxBinary(C:\Program Files (x86)\Mozilla Firefox\firefox.exe) on port 7061; process output follows: 
.org
1462816131666	addons.xpi	DEBUG	Updating XPIState for {&quot;id&quot;:&quot;{972ce4c6-7e08-4474-a285-3208198ce6fd}&quot;,&quot;syncGUID&quot;:&quot;QerYX7K7hPaL&quot;,&quot;location&quot;:&quot;app-global&quot;,&quot;version&quot;:&quot;45.0&quot;,&quot;type&quot;:&quot;theme&quot;,&quot;internalName&quot;:&quot;classic/1.0&quot;,&quot;updateURL&quot;:null,&quot;updateKey&quot;:null,&quot;optionsURL&quot;:null,&quot;optionsType&quot;:null,&quot;aboutURL&quot;:null,&quot;icons&quot;:{&quot;32&quot;:&quot;icon.png&quot;,&quot;48&quot;:&quot;icon.png&quot;},&quot;iconURL&quot;:null,&quot;icon64URL&quot;:null,&quot;defaultLocale&quot;:{&quot;name&quot;:&quot;Default&quot;,&quot;description&quot;:&quot;The default theme.&quot;,&quot;creator&quot;:&quot;Mozilla&quot;,&quot;homepageURL&quot;:null,&quot;contributors&quot;:[&quot;Mozilla Contributors&quot;]},&quot;visible&quot;:true,&quot;active&quot;:true,&quot;userDisabled&quot;:false,&quot;appDisabled&quot;:false,&quot;descriptor&quot;:&quot;C:\\Program Files (x86)\\Mozilla Firefox\\browser\\extensions\\{972ce4c6-7e08-4474-a285-3208198ce6fd}.xpi&quot;,&quot;installDate&quot;:1457051706000,&quot;updateDate&quot;:1457051706000,&quot;applyBackgroundUpdates&quot;:1,&quot;skinnable&quot;:true,&quot;size&quot;:22006,&quot;sourceURI&quot;:null,&quot;releaseNotesURI&quot;:null,&quot;softDisabled&quot;:false,&quot;foreignInstall&quot;:false,&quot;hasBinaryComponents&quot;:false,&quot;strictCompatibility&quot;:true,&quot;locales&quot;:[],&quot;targetApplications&quot;:[{&quot;id&quot;:&quot;{ec8030f7-c20a-464f-9b0e-13a3a9e97384}&quot;,&quot;minVersion&quot;:&quot;45.0&quot;,&quot;maxVersion&quot;:&quot;45.0&quot;}],&quot;targetPlatforms&quot;:[],&quot;seen&quot;:true}
1462816131666	addons.xpi	DEBUG	getModTime: Recursive scan of {972ce4c6-7e08-4474-a285-3208198ce6fd}
1462816131666	addons.xpi	DEBUG	Updating XPIState for {&quot;id&quot;:&quot;fassoxpcom@sensiblevision.com&quot;,&quot;syncGUID&quot;:&quot;81_9kKPBEBvh&quot;,&quot;location&quot;:&quot;winreg-app-global&quot;,&quot;version&quot;:&quot;1.12&quot;,&quot;type&quot;:&quot;extension&quot;,&quot;internalName&quot;:null,&quot;updateURL&quot;:null,&quot;updateKey&quot;:null,&quot;optionsURL&quot;:null,&quot;optionsType&quot;:null,&quot;aboutURL&quot;:null,&quot;icons&quot;:{},&quot;iconURL&quot;:&quot;chrome://fasso/content/fasso.png&quot;,&quot;icon64URL&quot;:null,&quot;defaultLocale&quot;:{&quot;name&quot;:&quot;FastAccess Web Login&quot;,&quot;description&quot;:&quot;Adds a facial recognition secured automatic password manager.&quot;,&quot;creator&quot;:&quot;Sensible Vision&quot;,&quot;homepageURL&quot;:&quot;http://www.sensiblevision.com&quot;},&quot;visible&quot;:true,&quot;active&quot;:false,&quot;userDisabled&quot;:true,&quot;appDisabled&quot;:false,&quot;descriptor&quot;:&quot;C:\\Program Files (x86)\\Sensible Vision\\Fast Access\\xpcom_fasso&quot;,&quot;installDate&quot;:1306434931260,&quot;updateDate&quot;:1306434931260,&quot;applyBackgroundUpdates&quot;:1,&quot;bootstrap&quot;:false,&quot;skinnable&quot;:false,&quot;size&quot;:119016,&quot;sourceURI&quot;:null,&quot;releaseNotesURI&quot;:null,&quot;softDisabled&quot;:false,&quot;foreignInstall&quot;:true,&quot;hasBinaryComponents&quot;:true,&quot;strictCompatibility&quot;:false,&quot;locales&quot;:[],&quot;targetApplications&quot;:[{&quot;id&quot;:&quot;{ec8030f7-c20a-464f-9b0e-13a3a9e97384}&quot;,&quot;minVersion&quot;:&quot;3.0&quot;,&quot;maxVersion&quot;:&quot;*.*.*&quot;}],&quot;targetPlatforms&quot;:[],&quot;multiprocessCompatible&quot;:false,&quot;signedState&quot;:0,&quot;seen&quot;:true}
1462816131668	DeferredSave.extensions.json	DEBUG	Save changes
1462816131668	addons.xpi	DEBUG	Updating database with changes to installed add-ons
1462816131668	addons.xpi-utils	DEBUG	Updating add-on states
1462816131669	addons.xpi-utils	DEBUG	Writing add-ons list
1462816131671	addons.xpi	DEBUG	Registering manifest for C:\Program Files (x86)\Mozilla Firefox\browser\features\loop@mozilla.org.xpi
1462816131672	addons.xpi	DEBUG	Calling bootstrap method startup on loop@mozilla.org version 0.1
1462816131691	addons.manager	DEBUG	Starting provider: &lt;unnamed-provider&gt;
1462816131691	addons.manager	DEBUG	Registering shutdown blocker for &lt;unnamed-provider&gt;
1462816131691	addons.manager	DEBUG	Provider finished startup: &lt;unnamed-provider&gt;
1462816131708	addons.manager	DEBUG	Registering shutdown blocker for XPIProvider
1462816131708	addons.manager	DEBUG	Provider finished startup: XPIProvider
1462816131709	addons.manager	DEBUG	Starting provider: LightweightThemeManager
1462816131709	addons.manager	DEBUG	Registering shutdown blocker for LightweightThemeManager
1462816131709	addons.manager	DEBUG	Provider finished startup: LightweightThemeManager
1462816131709	addons.manager	DEBUG	Starting provider: GMPProvider
1462816131717	addons.manager	DEBUG	Registering shutdown blocker for GMPProvider
1462816131718	addons.manager	DEBUG	Provider finished startup: GMPProvider
1462816131718	addons.manager	DEBUG	Starting provider: PluginProvider
1462816131718	addons.manager	DEBUG	Registering shutdown blocker for PluginProvider
1462816131718	addons.manager	DEBUG	Provider finished startup: PluginProvider
1462816131719	addons.manager	DEBUG	Completed startup sequence

Build info: version: &#039;2.52.0&#039;, revision: &#039;4c2593cfc3689a7fcd7be52549167e5ccc93ad28&#039;, time: &#039;2016-02-11 11:22:43&#039;
System info: host: &#039;AARTIPC&#039;, ip: &#039;10.228.21.224&#039;, os.name: &#039;Windows 7&#039;, os.arch: &#039;x86&#039;, os.version: &#039;6.1&#039;, java.version: &#039;1.8.0&#039;
Driver info: driver.version: FirefoxDriver">
      <![CDATA[org.openqa.selenium.WebDriverException: Failed to connect to binary FirefoxBinary(C:\Program Files (x86)\Mozilla Firefox\firefox.exe) on port 7061; process output follows: 
.org
1462816131666	addons.xpi	DEBUG	Updating XPIState for {"id":"{972ce4c6-7e08-4474-a285-3208198ce6fd}","syncGUID":"QerYX7K7hPaL","location":"app-global","version":"45.0","type":"theme","internalName":"classic/1.0","updateURL":null,"updateKey":null,"optionsURL":null,"optionsType":null,"aboutURL":null,"icons":{"32":"icon.png","48":"icon.png"},"iconURL":null,"icon64URL":null,"defaultLocale":{"name":"Default","description":"The default theme.","creator":"Mozilla","homepageURL":null,"contributors":["Mozilla Contributors"]},"visible":true,"active":true,"userDisabled":false,"appDisabled":false,"descriptor":"C:\\Program Files (x86)\\Mozilla Firefox\\browser\\extensions\\{972ce4c6-7e08-4474-a285-3208198ce6fd}.xpi","installDate":1457051706000,"updateDate":1457051706000,"applyBackgroundUpdates":1,"skinnable":true,"size":22006,"sourceURI":null,"releaseNotesURI":null,"softDisabled":false,"foreignInstall":false,"hasBinaryComponents":false,"strictCompatibility":true,"locales":[],"targetApplications":[{"id":"{ec8030f7-c20a-464f-9b0e-13a3a9e97384}","minVersion":"45.0","maxVersion":"45.0"}],"targetPlatforms":[],"seen":true}
1462816131666	addons.xpi	DEBUG	getModTime: Recursive scan of {972ce4c6-7e08-4474-a285-3208198ce6fd}
1462816131666	addons.xpi	DEBUG	Updating XPIState for {"id":"fassoxpcom@sensiblevision.com","syncGUID":"81_9kKPBEBvh","location":"winreg-app-global","version":"1.12","type":"extension","internalName":null,"updateURL":null,"updateKey":null,"optionsURL":null,"optionsType":null,"aboutURL":null,"icons":{},"iconURL":"chrome://fasso/content/fasso.png","icon64URL":null,"defaultLocale":{"name":"FastAccess Web Login","description":"Adds a facial recognition secured automatic password manager.","creator":"Sensible Vision","homepageURL":"http://www.sensiblevision.com"},"visible":true,"active":false,"userDisabled":true,"appDisabled":false,"descriptor":"C:\\Program Files (x86)\\Sensible Vision\\Fast Access\\xpcom_fasso","installDate":1306434931260,"updateDate":1306434931260,"applyBackgroundUpdates":1,"bootstrap":false,"skinnable":false,"size":119016,"sourceURI":null,"releaseNotesURI":null,"softDisabled":false,"foreignInstall":true,"hasBinaryComponents":true,"strictCompatibility":false,"locales":[],"targetApplications":[{"id":"{ec8030f7-c20a-464f-9b0e-13a3a9e97384}","minVersion":"3.0","maxVersion":"*.*.*"}],"targetPlatforms":[],"multiprocessCompatible":false,"signedState":0,"seen":true}
1462816131668	DeferredSave.extensions.json	DEBUG	Save changes
1462816131668	addons.xpi	DEBUG	Updating database with changes to installed add-ons
1462816131668	addons.xpi-utils	DEBUG	Updating add-on states
1462816131669	addons.xpi-utils	DEBUG	Writing add-ons list
1462816131671	addons.xpi	DEBUG	Registering manifest for C:\Program Files (x86)\Mozilla Firefox\browser\features\loop@mozilla.org.xpi
1462816131672	addons.xpi	DEBUG	Calling bootstrap method startup on loop@mozilla.org version 0.1
1462816131691	addons.manager	DEBUG	Starting provider: <unnamed-provider>
1462816131691	addons.manager	DEBUG	Registering shutdown blocker for <unnamed-provider>
1462816131691	addons.manager	DEBUG	Provider finished startup: <unnamed-provider>
1462816131708	addons.manager	DEBUG	Registering shutdown blocker for XPIProvider
1462816131708	addons.manager	DEBUG	Provider finished startup: XPIProvider
1462816131709	addons.manager	DEBUG	Starting provider: LightweightThemeManager
1462816131709	addons.manager	DEBUG	Registering shutdown blocker for LightweightThemeManager
1462816131709	addons.manager	DEBUG	Provider finished startup: LightweightThemeManager
1462816131709	addons.manager	DEBUG	Starting provider: GMPProvider
1462816131717	addons.manager	DEBUG	Registering shutdown blocker for GMPProvider
1462816131718	addons.manager	DEBUG	Provider finished startup: GMPProvider
1462816131718	addons.manager	DEBUG	Starting provider: PluginProvider
1462816131718	addons.manager	DEBUG	Registering shutdown blocker for PluginProvider
1462816131718	addons.manager	DEBUG	Provider finished startup: PluginProvider
1462816131719	addons.manager	DEBUG	Completed startup sequence

Build info: version: '2.52.0', revision: '4c2593cfc3689a7fcd7be52549167e5ccc93ad28', time: '2016-02-11 11:22:43'
System info: host: 'AARTIPC', ip: '10.228.21.224', os.name: 'Windows 7', os.arch: 'x86', os.version: '6.1', java.version: '1.8.0'
Driver info: driver.version: FirefoxDriver
	at org.openqa.selenium.firefox.internal.NewProfileExtensionConnection.start(NewProfileExtensionConnection.java:125)
	at org.openqa.selenium.firefox.FirefoxDriver.startClient(FirefoxDriver.java:271)
	at org.openqa.selenium.remote.RemoteWebDriver.<init>(RemoteWebDriver.java:119)
	at org.openqa.selenium.firefox.FirefoxDriver.<init>(FirefoxDriver.java:216)
	at org.openqa.selenium.firefox.FirefoxDriver.<init>(FirefoxDriver.java:211)
	at org.openqa.selenium.firefox.FirefoxDriver.<init>(FirefoxDriver.java:207)
	at org.openqa.selenium.firefox.FirefoxDriver.<init>(FirefoxDriver.java:120)
	at testngExamples.OpenTapsTest.navigateWebPage(OpenTapsTest.java:41)
	at testngExamples.OpenTapsTest.createContact(OpenTapsTest.java:111)
	at sun.reflect.NativeMethodAccessorImpl.invoke0(Native Method)
	at sun.reflect.NativeMethodAccessorImpl.invoke(Unknown Source)
	at sun.reflect.DelegatingMethodAccessorImpl.invoke(Unknown Source)
	at java.lang.reflect.Method.invoke(Unknown Source)
	at org.testng.internal.MethodInvocationHelper.invokeMethod(MethodInvocationHelper.java:85)
	at org.testng.internal.InvokeMethodRunnable.runOne(InvokeMethodRunnable.java:54)
	at org.testng.internal.InvokeMethodRunnable.run(InvokeMethodRunnable.java:44)
	at org.testng.internal.MethodInvocationHelper.invokeWithTimeoutWithNoExecutor(MethodInvocationHelper.java:242)
	at org.testng.internal.MethodInvocationHelper.invokeWithTimeout(MethodInvocationHelper.java:231)
	at org.testng.internal.Invoker.invokeMethod(Invoker.java:645)
	at org.testng.internal.Invoker.invokeTestMethod(Invoker.java:816)
	at org.testng.internal.Invoker.invokeTestMethods(Invoker.java:1124)
	at org.testng.internal.TestMethodWorker.invokeTestMethods(TestMethodWorker.java:124)
	at org.testng.internal.TestMethodWorker.run(TestMethodWorker.java:108)
	at org.testng.TestRunner.privateRun(TestRunner.java:773)
	at org.testng.TestRunner.run(TestRunner.java:623)
	at org.testng.SuiteRunner.runTest(SuiteRunner.java:359)
	at org.testng.SuiteRunner.access$000(SuiteRunner.java:39)
	at org.testng.SuiteRunner$SuiteWorker.run(SuiteRunner.java:393)
	at org.testng.internal.thread.ThreadUtil$2.call(ThreadUtil.java:64)
	at java.util.concurrent.FutureTask.run(Unknown Source)
	at java.util.concurrent.ThreadPoolExecutor.runWorker(Unknown Source)
	at java.util.concurrent.ThreadPoolExecutor$Worker.run(Unknown Source)
	at java.lang.Thread.run(Unknown Source)
Caused by: org.openqa.selenium.firefox.NotConnectedException: Unable to connect to host 127.0.0.1 on port 7061 after 45000 ms. Firefox console output:
.org
1462816131666	addons.xpi	DEBUG	Updating XPIState for {"id":"{972ce4c6-7e08-4474-a285-3208198ce6fd}","syncGUID":"QerYX7K7hPaL","location":"app-global","version":"45.0","type":"theme","internalName":"classic/1.0","updateURL":null,"updateKey":null,"optionsURL":null,"optionsType":null,"aboutURL":null,"icons":{"32":"icon.png","48":"icon.png"},"iconURL":null,"icon64URL":null,"defaultLocale":{"name":"Default","description":"The default theme.","creator":"Mozilla","homepageURL":null,"contributors":["Mozilla Contributors"]},"visible":true,"active":true,"userDisabled":false,"appDisabled":false,"descriptor":"C:\\Program Files (x86)\\Mozilla Firefox\\browser\\extensions\\{972ce4c6-7e08-4474-a285-3208198ce6fd}.xpi","installDate":1457051706000,"updateDate":1457051706000,"applyBackgroundUpdates":1,"skinnable":true,"size":22006,"sourceURI":null,"releaseNotesURI":null,"softDisabled":false,"foreignInstall":false,"hasBinaryComponents":false,"strictCompatibility":true,"locales":[],"targetApplications":[{"id":"{ec8030f7-c20a-464f-9b0e-13a3a9e97384}","minVersion":"45.0","maxVersion":"45.0"}],"targetPlatforms":[],"seen":true}
1462816131666	addons.xpi	DEBUG	getModTime: Recursive scan of {972ce4c6-7e08-4474-a285-3208198ce6fd}
1462816131666	addons.xpi	DEBUG	Updating XPIState for {"id":"fassoxpcom@sensiblevision.com","syncGUID":"81_9kKPBEBvh","location":"winreg-app-global","version":"1.12","type":"extension","internalName":null,"updateURL":null,"updateKey":null,"optionsURL":null,"optionsType":null,"aboutURL":null,"icons":{},"iconURL":"chrome://fasso/content/fasso.png","icon64URL":null,"defaultLocale":{"name":"FastAccess Web Login","description":"Adds a facial recognition secured automatic password manager.","creator":"Sensible Vision","homepageURL":"http://www.sensiblevision.com"},"visible":true,"active":false,"userDisabled":true,"appDisabled":false,"descriptor":"C:\\Program Files (x86)\\Sensible Vision\\Fast Access\\xpcom_fasso","installDate":1306434931260,"updateDate":1306434931260,"applyBackgroundUpdates":1,"bootstrap":false,"skinnable":false,"size":119016,"sourceURI":null,"releaseNotesURI":null,"softDisabled":false,"foreignInstall":true,"hasBinaryComponents":true,"strictCompatibility":false,"locales":[],"targetApplications":[{"id":"{ec8030f7-c20a-464f-9b0e-13a3a9e97384}","minVersion":"3.0","maxVersion":"*.*.*"}],"targetPlatforms":[],"multiprocessCompatible":false,"signedState":0,"seen":true}
1462816131668	DeferredSave.extensions.json	DEBUG	Save changes
1462816131668	addons.xpi	DEBUG	Updating database with changes to installed add-ons
1462816131668	addons.xpi-utils	DEBUG	Updating add-on states
1462816131669	addons.xpi-utils	DEBUG	Writing add-ons list
1462816131671	addons.xpi	DEBUG	Registering manifest for C:\Program Files (x86)\Mozilla Firefox\browser\features\loop@mozilla.org.xpi
1462816131672	addons.xpi	DEBUG	Calling bootstrap method startup on loop@mozilla.org version 0.1
1462816131691	addons.manager	DEBUG	Starting provider: <unnamed-provider>
1462816131691	addons.manager	DEBUG	Registering shutdown blocker for <unnamed-provider>
1462816131691	addons.manager	DEBUG	Provider finished startup: <unnamed-provider>
1462816131708	addons.manager	DEBUG	Registering shutdown blocker for XPIProvider
1462816131708	addons.manager	DEBUG	Provider finished startup: XPIProvider
1462816131709	addons.manager	DEBUG	Starting provider: LightweightThemeManager
1462816131709	addons.manager	DEBUG	Registering shutdown blocker for LightweightThemeManager
1462816131709	addons.manager	DEBUG	Provider finished startup: LightweightThemeManager
1462816131709	addons.manager	DEBUG	Starting provider: GMPProvider
1462816131717	addons.manager	DEBUG	Registering shutdown blocker for GMPProvider
1462816131718	addons.manager	DEBUG	Provider finished startup: GMPProvider
1462816131718	addons.manager	DEBUG	Starting provider: PluginProvider
1462816131718	addons.manager	DEBUG	Registering shutdown blocker for PluginProvider
1462816131718	addons.manager	DEBUG	Provider finished startup: PluginProvider
1462816131719	addons.manager	DEBUG	Completed startup sequence

	at org.openqa.selenium.firefox.internal.NewProfileExtensionConnection.start(NewProfileExtensionConnection.java:113)
	... 32 more
]]>
    </error>
  </testcase> <!-- createContact -->
</testsuite> <!-- testngExamples.OpenTapsTest -->
