<?xml version="1.0" encoding="UTF-8"?>
<!-- Generated by org.testng.reporters.JUnitReportReporter -->
<testsuite hostname="NANDAKUMARSIR-D" name="practiceselenium.TestNGScriptTwo" tests="1" failures="0" timestamp="15 Nov 2016 14:34:21 GMT" time="62.943" errors="0">
  <testcase name="searchResult" time="62.943" classname="practiceselenium.TestNGScriptTwo"/>
</testsuite> <!-- practiceselenium.TestNGScriptTwo -->
