<?xml version="1.0" encoding="UTF-8"?>
<!-- Generated by org.testng.reporters.JUnitReportReporter -->
<testsuite hostname="NANDAKUMARSIR-D" name="keyword.RunScripts" tests="1" failures="0" timestamp="24 Jul 2016 16:13:22 GMT" time="16.878" errors="0">
  <testcase name="runScripts" time="16.878" classname="keyword.RunScripts"/>
</testsuite> <!-- keyword.RunScripts -->
