<?xml version="1.0" encoding="UTF-8"?>
<!-- Generated by org.testng.reporters.JUnitReportReporter -->
<testsuite hostname="NANDAKUMARSIR-D" name="javapractice.ClassTwo" tests="1" failures="0" timestamp="15 Apr 2017 16:21:46 GMT" time="15.013" errors="0">
  <testcase name="collectionsChapterOne" time="15.013" classname="javapractice.ClassTwo"/>
</testsuite> <!-- javapractice.ClassTwo -->
